Trying 0 0
250715
Trying 0 1
250716
Trying 0 2
250717
Trying 0 3
250718
Trying 0 4
250719
Trying 0 5
250720
Trying 0 6
250721
Trying 0 7
250722
Trying 0 8
250723
Trying 0 9
250724
Trying 0 10
250725
Trying 0 11
250726
Trying 0 12
250727
Trying 0 13
250728
Trying 0 14
250729
Trying 0 15
250730
Trying 0 16
250731
Trying 0 17
250732
Trying 0 18
250733
Trying 0 19
250734
Trying 0 20
250735
Trying 0 21
250736
Trying 0 22
250737
Trying 0 23
250738
Trying 0 24
250739
Trying 0 25
250740
Trying 0 26
250741
Trying 0 27
250742
Trying 0 28
250743
Trying 0 29
250744
Trying 0 30
250745
Trying 0 31
250746
Trying 0 32
250747
Trying 0 33
250748
Trying 0 34
250749
Trying 0 35
250750
Trying 0 36
250751
Trying 0 37
250752
Trying 0 38
250753
Trying 0 39
250754
Trying 0 40
250755
Trying 0 41
250756
Trying 0 42
250757
Trying 0 43
250758
Trying 0 44
250759
Trying 0 45
250760
Trying 0 46
250761
Trying 0 47
250762
Trying 0 48
250763
Trying 0 49
250764
Trying 0 50
250765
Trying 0 51
250766
Trying 0 52
250767
Trying 0 53
250768
Trying 0 54
250769
Trying 0 55
250770
Trying 0 56
250771
Trying 0 57
250772
Trying 0 58
250773
Trying 0 59
250774
Trying 0 60
250775
Trying 0 61
250776
Trying 0 62
250777
Trying 0 63
250778
Trying 0 64
250779
Trying 0 65
250780
Trying 0 66
250781
Trying 0 67
250782
Trying 0 68
250783
Trying 0 69
250784
Trying 0 70
250785
Trying 0 71
250786
Trying 0 72
250787
Trying 0 73
250788
Trying 0 74
250789
Trying 0 75
250790
Trying 0 76
250791
Trying 0 77
250792
Trying 0 78
250793
Trying 0 79
250794
Trying 0 80
250795
Trying 0 81
250796
Trying 0 82
250797
Trying 0 83
250798
Trying 0 84
250799
Trying 0 85
250800
Trying 0 86
250801
Trying 0 87
250802
Trying 0 88
250803
Trying 0 89
250804
Trying 0 90
250805
Trying 0 91
250806
Trying 0 92
250807
Trying 0 93
250808
Trying 0 94
250809
Trying 0 95
250810
Trying 0 96
250811
Trying 0 97
250812
Trying 0 98
250813
Trying 1 0
1028315
Trying 1 1
1028316
Trying 1 2
1028317
Trying 1 3
1028318
Trying 1 4
1028319
Trying 1 5
1028320
Trying 1 6
1028321
Trying 1 7
1028322
Trying 1 8
1028323
Trying 1 9
1028324
Trying 1 10
1028325
Trying 1 11
1028326
Trying 1 12
1028327
Trying 1 13
1028328
Trying 1 14
1028329
Trying 1 15
1028330
Trying 1 16
1028331
Trying 1 17
1028332
Trying 1 18
1028333
Trying 1 19
1028334
Trying 1 20
1028335
Trying 1 21
1028336
Trying 1 22
1028337
Trying 1 23
1028338
Trying 1 24
1028339
Trying 1 25
1028340
Trying 1 26
1028341
Trying 1 27
1028342
Trying 1 28
1028343
Trying 1 29
1028344
Trying 1 30
1028345
Trying 1 31
1028346
Trying 1 32
1028347
Trying 1 33
1028348
Trying 1 34
1028349
Trying 1 35
1028350
Trying 1 36
1028351
Trying 1 37
1028352
Trying 1 38
1028353
Trying 1 39
1028354
Trying 1 40
1028355
Trying 1 41
1028356
Trying 1 42
1028357
Trying 1 43
1028358
Trying 1 44
1028359
Trying 1 45
1028360
Trying 1 46
1028361
Trying 1 47
1028362
Trying 1 48
1028363
Trying 1 49
1028364
Trying 1 50
1028365
Trying 1 51
1028366
Trying 1 52
1028367
Trying 1 53
1028368
Trying 1 54
1028369
Trying 1 55
1028370
Trying 1 56
1028371
Trying 1 57
1028372
Trying 1 58
1028373
Trying 1 59
1028374
Trying 1 60
1028375
Trying 1 61
1028376
Trying 1 62
1028377
Trying 1 63
1028378
Trying 1 64
1028379
Trying 1 65
1028380
Trying 1 66
1028381
Trying 1 67
1028382
Trying 1 68
1028383
Trying 1 69
1028384
Trying 1 70
1028385
Trying 1 71
1028386
Trying 1 72
1028387
Trying 1 73
1028388
Trying 1 74
1028389
Trying 1 75
1028390
Trying 1 76
1028391
Trying 1 77
1028392
Trying 1 78
1028393
Trying 1 79
1028394
Trying 1 80
1028395
Trying 1 81
1028396
Trying 1 82
1028397
Trying 1 83
1028398
Trying 1 84
1028399
Trying 1 85
1028400
Trying 1 86
1028401
Trying 1 87
1028402
Trying 1 88
1028403
Trying 1 89
1028404
Trying 1 90
1028405
Trying 1 91
1028406
Trying 1 92
1028407
Trying 1 93
1028408
Trying 1 94
1028409
Trying 1 95
1028410
Trying 1 96
1028411
Trying 1 97
1028412
Trying 1 98
1028413
Trying 2 0
1805915
Trying 2 1
1805916
Trying 2 2
1805917
Trying 2 3
1805918
Trying 2 4
1805919
Trying 2 5
1805920
Trying 2 6
1805921
Trying 2 7
1805922
Trying 2 8
1805923
Trying 2 9
1805924
Trying 2 10
1805925
Trying 2 11
1805926
Trying 2 12
1805927
Trying 2 13
1805928
Trying 2 14
1805929
Trying 2 15
1805930
Trying 2 16
1805931
Trying 2 17
1805932
Trying 2 18
1805933
Trying 2 19
1805934
Trying 2 20
1805935
Trying 2 21
1805936
Trying 2 22
1805937
Trying 2 23
1805938
Trying 2 24
1805939
Trying 2 25
1805940
Trying 2 26
1805941
Trying 2 27
1805942
Trying 2 28
1805943
Trying 2 29
1805944
Trying 2 30
1805945
Trying 2 31
1805946
Trying 2 32
1805947
Trying 2 33
1805948
Trying 2 34
1805949
Trying 2 35
1805950
Trying 2 36
1805951
Trying 2 37
1805952
Trying 2 38
1805953
Trying 2 39
1805954
Trying 2 40
1805955
Trying 2 41
1805956
Trying 2 42
1805957
Trying 2 43
1805958
Trying 2 44
1805959
Trying 2 45
1805960
Trying 2 46
1805961
Trying 2 47
1805962
Trying 2 48
1805963
Trying 2 49
1805964
Trying 2 50
1805965
Trying 2 51
1805966
Trying 2 52
1805967
Trying 2 53
1805968
Trying 2 54
1805969
Trying 2 55
1805970
Trying 2 56
1805971
Trying 2 57
1805972
Trying 2 58
1805973
Trying 2 59
1805974
Trying 2 60
1805975
Trying 2 61
1805976
Trying 2 62
1805977
Trying 2 63
1805978
Trying 2 64
1805979
Trying 2 65
1805980
Trying 2 66
1805981
Trying 2 67
1805982
Trying 2 68
1805983
Trying 2 69
1805984
Trying 2 70
1805985
Trying 2 71
1805986
Trying 2 72
1805987
Trying 2 73
1805988
Trying 2 74
1805989
Trying 2 75
1805990
Trying 2 76
1805991
Trying 2 77
1805992
Trying 2 78
1805993
Trying 2 79
1805994
Trying 2 80
1805995
Trying 2 81
1805996
Trying 2 82
1805997
Trying 2 83
1805998
Trying 2 84
1805999
Trying 2 85
1806000
Trying 2 86
1806001
Trying 2 87
1806002
Trying 2 88
1806003
Trying 2 89
1806004
Trying 2 90
1806005
Trying 2 91
1806006
Trying 2 92
1806007
Trying 2 93
1806008
Trying 2 94
1806009
Trying 2 95
1806010
Trying 2 96
1806011
Trying 2 97
1806012
Trying 2 98
1806013
Trying 3 0
2583515
Trying 3 1
2583516
Trying 3 2
2583517
Trying 3 3
2583518
Trying 3 4
2583519
Trying 3 5
2583520
Trying 3 6
2583521
Trying 3 7
2583522
Trying 3 8
2583523
Trying 3 9
2583524
Trying 3 10
2583525
Trying 3 11
2583526
Trying 3 12
2583527
Trying 3 13
2583528
Trying 3 14
2583529
Trying 3 15
2583530
Trying 3 16
2583531
Trying 3 17
2583532
Trying 3 18
2583533
Trying 3 19
2583534
Trying 3 20
2583535
Trying 3 21
2583536
Trying 3 22
2583537
Trying 3 23
2583538
Trying 3 24
2583539
Trying 3 25
2583540
Trying 3 26
2583541
Trying 3 27
2583542
Trying 3 28
2583543
Trying 3 29
2583544
Trying 3 30
2583545
Trying 3 31
2583546
Trying 3 32
2583547
Trying 3 33
2583548
Trying 3 34
2583549
Trying 3 35
2583550
Trying 3 36
2583551
Trying 3 37
2583552
Trying 3 38
2583553
Trying 3 39
2583554
Trying 3 40
2583555
Trying 3 41
2583556
Trying 3 42
2583557
Trying 3 43
2583558
Trying 3 44
2583559
Trying 3 45
2583560
Trying 3 46
2583561
Trying 3 47
2583562
Trying 3 48
2583563
Trying 3 49
2583564
Trying 3 50
2583565
Trying 3 51
2583566
Trying 3 52
2583567
Trying 3 53
2583568
Trying 3 54
2583569
Trying 3 55
2583570
Trying 3 56
2583571
Trying 3 57
2583572
Trying 3 58
2583573
Trying 3 59
2583574
Trying 3 60
2583575
Trying 3 61
2583576
Trying 3 62
2583577
Trying 3 63
2583578
Trying 3 64
2583579
Trying 3 65
2583580
Trying 3 66
2583581
Trying 3 67
2583582
Trying 3 68
2583583
Trying 3 69
2583584
Trying 3 70
2583585
Trying 3 71
2583586
Trying 3 72
2583587
Trying 3 73
2583588
Trying 3 74
2583589
Trying 3 75
2583590
Trying 3 76
2583591
Trying 3 77
2583592
Trying 3 78
2583593
Trying 3 79
2583594
Trying 3 80
2583595
Trying 3 81
2583596
Trying 3 82
2583597
Trying 3 83
2583598
Trying 3 84
2583599
Trying 3 85
2583600
Trying 3 86
2583601
Trying 3 87
2583602
Trying 3 88
2583603
Trying 3 89
2583604
Trying 3 90
2583605
Trying 3 91
2583606
Trying 3 92
2583607
Trying 3 93
2583608
Trying 3 94
2583609
Trying 3 95
2583610
Trying 3 96
2583611
Trying 3 97
2583612
Trying 3 98
2583613
Trying 4 0
3361115
Trying 4 1
3361116
Trying 4 2
3361117
Trying 4 3
3361118
Trying 4 4
3361119
Trying 4 5
3361120
Trying 4 6
3361121
Trying 4 7
3361122
Trying 4 8
3361123
Trying 4 9
3361124
Trying 4 10
3361125
Trying 4 11
3361126
Trying 4 12
3361127
Trying 4 13
3361128
Trying 4 14
3361129
Trying 4 15
3361130
Trying 4 16
3361131
Trying 4 17
3361132
Trying 4 18
3361133
Trying 4 19
3361134
Trying 4 20
3361135
Trying 4 21
3361136
Trying 4 22
3361137
Trying 4 23
3361138
Trying 4 24
3361139
Trying 4 25
3361140
Trying 4 26
3361141
Trying 4 27
3361142
Trying 4 28
3361143
Trying 4 29
3361144
Trying 4 30
3361145
Trying 4 31
3361146
Trying 4 32
3361147
Trying 4 33
3361148
Trying 4 34
3361149
Trying 4 35
3361150
Trying 4 36
3361151
Trying 4 37
3361152
Trying 4 38
3361153
Trying 4 39
3361154
Trying 4 40
3361155
Trying 4 41
3361156
Trying 4 42
3361157
Trying 4 43
3361158
Trying 4 44
3361159
Trying 4 45
3361160
Trying 4 46
3361161
Trying 4 47
3361162
Trying 4 48
3361163
Trying 4 49
3361164
Trying 4 50
3361165
Trying 4 51
3361166
Trying 4 52
3361167
Trying 4 53
3361168
Trying 4 54
3361169
Trying 4 55
3361170
Trying 4 56
3361171
Trying 4 57
3361172
Trying 4 58
3361173
Trying 4 59
3361174
Trying 4 60
3361175
Trying 4 61
3361176
Trying 4 62
3361177
Trying 4 63
3361178
Trying 4 64
3361179
Trying 4 65
3361180
Trying 4 66
3361181
Trying 4 67
3361182
Trying 4 68
3361183
Trying 4 69
3361184
Trying 4 70
3361185
Trying 4 71
3361186
Trying 4 72
3361187
Trying 4 73
3361188
Trying 4 74
3361189
Trying 4 75
3361190
Trying 4 76
3361191
Trying 4 77
3361192
Trying 4 78
3361193
Trying 4 79
3361194
Trying 4 80
3361195
Trying 4 81
3361196
Trying 4 82
3361197
Trying 4 83
3361198
Trying 4 84
3361199
Trying 4 85
3361200
Trying 4 86
3361201
Trying 4 87
3361202
Trying 4 88
3361203
Trying 4 89
3361204
Trying 4 90
3361205
Trying 4 91
3361206
Trying 4 92
3361207
Trying 4 93
3361208
Trying 4 94
3361209
Trying 4 95
3361210
Trying 4 96
3361211
Trying 4 97
3361212
Trying 4 98
3361213
Trying 5 0
4138715
Trying 5 1
4138716
Trying 5 2
4138717
Trying 5 3
4138718
Trying 5 4
4138719
Trying 5 5
4138720
Trying 5 6
4138721
Trying 5 7
4138722
Trying 5 8
4138723
Trying 5 9
4138724
Trying 5 10
4138725
Trying 5 11
4138726
Trying 5 12
4138727
Trying 5 13
4138728
Trying 5 14
4138729
Trying 5 15
4138730
Trying 5 16
4138731
Trying 5 17
4138732
Trying 5 18
4138733
Trying 5 19
4138734
Trying 5 20
4138735
Trying 5 21
4138736
Trying 5 22
4138737
Trying 5 23
4138738
Trying 5 24
4138739
Trying 5 25
4138740
Trying 5 26
4138741
Trying 5 27
4138742
Trying 5 28
4138743
Trying 5 29
4138744
Trying 5 30
4138745
Trying 5 31
4138746
Trying 5 32
4138747
Trying 5 33
4138748
Trying 5 34
4138749
Trying 5 35
4138750
Trying 5 36
4138751
Trying 5 37
4138752
Trying 5 38
4138753
Trying 5 39
4138754
Trying 5 40
4138755
Trying 5 41
4138756
Trying 5 42
4138757
Trying 5 43
4138758
Trying 5 44
4138759
Trying 5 45
4138760
Trying 5 46
4138761
Trying 5 47
4138762
Trying 5 48
4138763
Trying 5 49
4138764
Trying 5 50
4138765
Trying 5 51
4138766
Trying 5 52
4138767
Trying 5 53
4138768
Trying 5 54
4138769
Trying 5 55
4138770
Trying 5 56
4138771
Trying 5 57
4138772
Trying 5 58
4138773
Trying 5 59
4138774
Trying 5 60
4138775
Trying 5 61
4138776
Trying 5 62
4138777
Trying 5 63
4138778
Trying 5 64
4138779
Trying 5 65
4138780
Trying 5 66
4138781
Trying 5 67
4138782
Trying 5 68
4138783
Trying 5 69
4138784
Trying 5 70
4138785
Trying 5 71
4138786
Trying 5 72
4138787
Trying 5 73
4138788
Trying 5 74
4138789
Trying 5 75
4138790
Trying 5 76
4138791
Trying 5 77
4138792
Trying 5 78
4138793
Trying 5 79
4138794
Trying 5 80
4138795
Trying 5 81
4138796
Trying 5 82
4138797
Trying 5 83
4138798
Trying 5 84
4138799
Trying 5 85
4138800
Trying 5 86
4138801
Trying 5 87
4138802
Trying 5 88
4138803
Trying 5 89
4138804
Trying 5 90
4138805
Trying 5 91
4138806
Trying 5 92
4138807
Trying 5 93
4138808
Trying 5 94
4138809
Trying 5 95
4138810
Trying 5 96
4138811
Trying 5 97
4138812
Trying 5 98
4138813
Trying 6 0
4916315
Trying 6 1
4916316
Trying 6 2
4916317
Trying 6 3
4916318
Trying 6 4
4916319
Trying 6 5
4916320
Trying 6 6
4916321
Trying 6 7
4916322
Trying 6 8
4916323
Trying 6 9
4916324
Trying 6 10
4916325
Trying 6 11
4916326
Trying 6 12
4916327
Trying 6 13
4916328
Trying 6 14
4916329
Trying 6 15
4916330
Trying 6 16
4916331
Trying 6 17
4916332
Trying 6 18
4916333
Trying 6 19
4916334
Trying 6 20
4916335
Trying 6 21
4916336
Trying 6 22
4916337
Trying 6 23
4916338
Trying 6 24
4916339
Trying 6 25
4916340
Trying 6 26
4916341
Trying 6 27
4916342
Trying 6 28
4916343
Trying 6 29
4916344
Trying 6 30
4916345
Trying 6 31
4916346
Trying 6 32
4916347
Trying 6 33
4916348
Trying 6 34
4916349
Trying 6 35
4916350
Trying 6 36
4916351
Trying 6 37
4916352
Trying 6 38
4916353
Trying 6 39
4916354
Trying 6 40
4916355
Trying 6 41
4916356
Trying 6 42
4916357
Trying 6 43
4916358
Trying 6 44
4916359
Trying 6 45
4916360
Trying 6 46
4916361
Trying 6 47
4916362
Trying 6 48
4916363
Trying 6 49
4916364
Trying 6 50
4916365
Trying 6 51
4916366
Trying 6 52
4916367
Trying 6 53
4916368
Trying 6 54
4916369
Trying 6 55
4916370
Trying 6 56
4916371
Trying 6 57
4916372
Trying 6 58
4916373
Trying 6 59
4916374
Trying 6 60
4916375
Trying 6 61
4916376
Trying 6 62
4916377
Trying 6 63
4916378
Trying 6 64
4916379
Trying 6 65
4916380
Trying 6 66
4916381
Trying 6 67
4916382
Trying 6 68
4916383
Trying 6 69
4916384
Trying 6 70
4916385
Trying 6 71
4916386
Trying 6 72
4916387
Trying 6 73
4916388
Trying 6 74
4916389
Trying 6 75
4916390
Trying 6 76
4916391
Trying 6 77
4916392
Trying 6 78
4916393
Trying 6 79
4916394
Trying 6 80
4916395
Trying 6 81
4916396
Trying 6 82
4916397
Trying 6 83
4916398
Trying 6 84
4916399
Trying 6 85
4916400
Trying 6 86
4916401
Trying 6 87
4916402
Trying 6 88
4916403
Trying 6 89
4916404
Trying 6 90
4916405
Trying 6 91
4916406
Trying 6 92
4916407
Trying 6 93
4916408
Trying 6 94
4916409
Trying 6 95
4916410
Trying 6 96
4916411
Trying 6 97
4916412
Trying 6 98
4916413
Trying 7 0
5693915
Trying 7 1
5693916
Trying 7 2
5693917
Trying 7 3
5693918
Trying 7 4
5693919
Trying 7 5
5693920
Trying 7 6
5693921
Trying 7 7
5693922
Trying 7 8
5693923
Trying 7 9
5693924
Trying 7 10
5693925
Trying 7 11
5693926
Trying 7 12
5693927
Trying 7 13
5693928
Trying 7 14
5693929
Trying 7 15
5693930
Trying 7 16
5693931
Trying 7 17
5693932
Trying 7 18
5693933
Trying 7 19
5693934
Trying 7 20
5693935
Trying 7 21
5693936
Trying 7 22
5693937
Trying 7 23
5693938
Trying 7 24
5693939
Trying 7 25
5693940
Trying 7 26
5693941
Trying 7 27
5693942
Trying 7 28
5693943
Trying 7 29
5693944
Trying 7 30
5693945
Trying 7 31
5693946
Trying 7 32
5693947
Trying 7 33
5693948
Trying 7 34
5693949
Trying 7 35
5693950
Trying 7 36
5693951
Trying 7 37
5693952
Trying 7 38
5693953
Trying 7 39
5693954
Trying 7 40
5693955
Trying 7 41
5693956
Trying 7 42
5693957
Trying 7 43
5693958
Trying 7 44
5693959
Trying 7 45
5693960
Trying 7 46
5693961
Trying 7 47
5693962
Trying 7 48
5693963
Trying 7 49
5693964
Trying 7 50
5693965
Trying 7 51
5693966
Trying 7 52
5693967
Trying 7 53
5693968
Trying 7 54
5693969
Trying 7 55
5693970
Trying 7 56
5693971
Trying 7 57
5693972
Trying 7 58
5693973
Trying 7 59
5693974
Trying 7 60
5693975
Trying 7 61
5693976
Trying 7 62
5693977
Trying 7 63
5693978
Trying 7 64
5693979
Trying 7 65
5693980
Trying 7 66
5693981
Trying 7 67
5693982
Trying 7 68
5693983
Trying 7 69
5693984
Trying 7 70
5693985
Trying 7 71
5693986
Trying 7 72
5693987
Trying 7 73
5693988
Trying 7 74
5693989
Trying 7 75
5693990
Trying 7 76
5693991
Trying 7 77
5693992
Trying 7 78
5693993
Trying 7 79
5693994
Trying 7 80
5693995
Trying 7 81
5693996
Trying 7 82
5693997
Trying 7 83
5693998
Trying 7 84
5693999
Trying 7 85
5694000
Trying 7 86
5694001
Trying 7 87
5694002
Trying 7 88
5694003
Trying 7 89
5694004
Trying 7 90
5694005
Trying 7 91
5694006
Trying 7 92
5694007
Trying 7 93
5694008
Trying 7 94
5694009
Trying 7 95
5694010
Trying 7 96
5694011
Trying 7 97
5694012
Trying 7 98
5694013
Trying 8 0
6471515
Trying 8 1
6471516
Trying 8 2
6471517
Trying 8 3
6471518
Trying 8 4
6471519
Trying 8 5
6471520
Trying 8 6
6471521
Trying 8 7
6471522
Trying 8 8
6471523
Trying 8 9
6471524
Trying 8 10
6471525
Trying 8 11
6471526
Trying 8 12
6471527
Trying 8 13
6471528
Trying 8 14
6471529
Trying 8 15
6471530
Trying 8 16
6471531
Trying 8 17
6471532
Trying 8 18
6471533
Trying 8 19
6471534
Trying 8 20
6471535
Trying 8 21
6471536
Trying 8 22
6471537
Trying 8 23
6471538
Trying 8 24
6471539
Trying 8 25
6471540
Trying 8 26
6471541
Trying 8 27
6471542
Trying 8 28
6471543
Trying 8 29
6471544
Trying 8 30
6471545
Trying 8 31
6471546
Trying 8 32
6471547
Trying 8 33
6471548
Trying 8 34
6471549
Trying 8 35
6471550
Trying 8 36
6471551
Trying 8 37
6471552
Trying 8 38
6471553
Trying 8 39
6471554
Trying 8 40
6471555
Trying 8 41
6471556
Trying 8 42
6471557
Trying 8 43
6471558
Trying 8 44
6471559
Trying 8 45
6471560
Trying 8 46
6471561
Trying 8 47
6471562
Trying 8 48
6471563
Trying 8 49
6471564
Trying 8 50
6471565
Trying 8 51
6471566
Trying 8 52
6471567
Trying 8 53
6471568
Trying 8 54
6471569
Trying 8 55
6471570
Trying 8 56
6471571
Trying 8 57
6471572
Trying 8 58
6471573
Trying 8 59
6471574
Trying 8 60
6471575
Trying 8 61
6471576
Trying 8 62
6471577
Trying 8 63
6471578
Trying 8 64
6471579
Trying 8 65
6471580
Trying 8 66
6471581
Trying 8 67
6471582
Trying 8 68
6471583
Trying 8 69
6471584
Trying 8 70
6471585
Trying 8 71
6471586
Trying 8 72
6471587
Trying 8 73
6471588
Trying 8 74
6471589
Trying 8 75
6471590
Trying 8 76
6471591
Trying 8 77
6471592
Trying 8 78
6471593
Trying 8 79
6471594
Trying 8 80
6471595
Trying 8 81
6471596
Trying 8 82
6471597
Trying 8 83
6471598
Trying 8 84
6471599
Trying 8 85
6471600
Trying 8 86
6471601
Trying 8 87
6471602
Trying 8 88
6471603
Trying 8 89
6471604
Trying 8 90
6471605
Trying 8 91
6471606
Trying 8 92
6471607
Trying 8 93
6471608
Trying 8 94
6471609
Trying 8 95
6471610
Trying 8 96
6471611
Trying 8 97
6471612
Trying 8 98
6471613
Trying 9 0
7249115
Trying 9 1
7249116
Trying 9 2
7249117
Trying 9 3
7249118
Trying 9 4
7249119
Trying 9 5
7249120
Trying 9 6
7249121
Trying 9 7
7249122
Trying 9 8
7249123
Trying 9 9
7249124
Trying 9 10
7249125
Trying 9 11
7249126
Trying 9 12
7249127
Trying 9 13
7249128
Trying 9 14
7249129
Trying 9 15
7249130
Trying 9 16
7249131
Trying 9 17
7249132
Trying 9 18
7249133
Trying 9 19
7249134
Trying 9 20
7249135
Trying 9 21
7249136
Trying 9 22
7249137
Trying 9 23
7249138
Trying 9 24
7249139
Trying 9 25
7249140
Trying 9 26
7249141
Trying 9 27
7249142
Trying 9 28
7249143
Trying 9 29
7249144
Trying 9 30
7249145
Trying 9 31
7249146
Trying 9 32
7249147
Trying 9 33
7249148
Trying 9 34
7249149
Trying 9 35
7249150
Trying 9 36
7249151
Trying 9 37
7249152
Trying 9 38
7249153
Trying 9 39
7249154
Trying 9 40
7249155
Trying 9 41
7249156
Trying 9 42
7249157
Trying 9 43
7249158
Trying 9 44
7249159
Trying 9 45
7249160
Trying 9 46
7249161
Trying 9 47
7249162
Trying 9 48
7249163
Trying 9 49
7249164
Trying 9 50
7249165
Trying 9 51
7249166
Trying 9 52
7249167
Trying 9 53
7249168
Trying 9 54
7249169
Trying 9 55
7249170
Trying 9 56
7249171
Trying 9 57
7249172
Trying 9 58
7249173
Trying 9 59
7249174
Trying 9 60
7249175
Trying 9 61
7249176
Trying 9 62
7249177
Trying 9 63
7249178
Trying 9 64
7249179
Trying 9 65
7249180
Trying 9 66
7249181
Trying 9 67
7249182
Trying 9 68
7249183
Trying 9 69
7249184
Trying 9 70
7249185
Trying 9 71
7249186
Trying 9 72
7249187
Trying 9 73
7249188
Trying 9 74
7249189
Trying 9 75
7249190
Trying 9 76
7249191
Trying 9 77
7249192
Trying 9 78
7249193
Trying 9 79
7249194
Trying 9 80
7249195
Trying 9 81
7249196
Trying 9 82
7249197
Trying 9 83
7249198
Trying 9 84
7249199
Trying 9 85
7249200
Trying 9 86
7249201
Trying 9 87
7249202
Trying 9 88
7249203
Trying 9 89
7249204
Trying 9 90
7249205
Trying 9 91
7249206
Trying 9 92
7249207
Trying 9 93
7249208
Trying 9 94
7249209
Trying 9 95
7249210
Trying 9 96
7249211
Trying 9 97
7249212
Trying 9 98
7249213
Trying 10 0
8026715
Trying 10 1
8026716
Trying 10 2
8026717
Trying 10 3
8026718
Trying 10 4
8026719
Trying 10 5
8026720
Trying 10 6
8026721
Trying 10 7
8026722
Trying 10 8
8026723
Trying 10 9
8026724
Trying 10 10
8026725
Trying 10 11
8026726
Trying 10 12
8026727
Trying 10 13
8026728
Trying 10 14
8026729
Trying 10 15
8026730
Trying 10 16
8026731
Trying 10 17
8026732
Trying 10 18
8026733
Trying 10 19
8026734
Trying 10 20
8026735
Trying 10 21
8026736
Trying 10 22
8026737
Trying 10 23
8026738
Trying 10 24
8026739
Trying 10 25
8026740
Trying 10 26
8026741
Trying 10 27
8026742
Trying 10 28
8026743
Trying 10 29
8026744
Trying 10 30
8026745
Trying 10 31
8026746
Trying 10 32
8026747
Trying 10 33
8026748
Trying 10 34
8026749
Trying 10 35
8026750
Trying 10 36
8026751
Trying 10 37
8026752
Trying 10 38
8026753
Trying 10 39
8026754
Trying 10 40
8026755
Trying 10 41
8026756
Trying 10 42
8026757
Trying 10 43
8026758
Trying 10 44
8026759
Trying 10 45
8026760
Trying 10 46
8026761
Trying 10 47
8026762
Trying 10 48
8026763
Trying 10 49
8026764
Trying 10 50
8026765
Trying 10 51
8026766
Trying 10 52
8026767
Trying 10 53
8026768
Trying 10 54
8026769
Trying 10 55
8026770
Trying 10 56
8026771
Trying 10 57
8026772
Trying 10 58
8026773
Trying 10 59
8026774
Trying 10 60
8026775
Trying 10 61
8026776
Trying 10 62
8026777
Trying 10 63
8026778
Trying 10 64
8026779
Trying 10 65
8026780
Trying 10 66
8026781
Trying 10 67
8026782
Trying 10 68
8026783
Trying 10 69
8026784
Trying 10 70
8026785
Trying 10 71
8026786
Trying 10 72
8026787
Trying 10 73
8026788
Trying 10 74
8026789
Trying 10 75
8026790
Trying 10 76
8026791
Trying 10 77
8026792
Trying 10 78
8026793
Trying 10 79
8026794
Trying 10 80
8026795
Trying 10 81
8026796
Trying 10 82
8026797
Trying 10 83
8026798
Trying 10 84
8026799
Trying 10 85
8026800
Trying 10 86
8026801
Trying 10 87
8026802
Trying 10 88
8026803
Trying 10 89
8026804
Trying 10 90
8026805
Trying 10 91
8026806
Trying 10 92
8026807
Trying 10 93
8026808
Trying 10 94
8026809
Trying 10 95
8026810
Trying 10 96
8026811
Trying 10 97
8026812
Trying 10 98
8026813
Trying 11 0
8804315
Trying 11 1
8804316
Trying 11 2
8804317
Trying 11 3
8804318
Trying 11 4
8804319
Trying 11 5
8804320
Trying 11 6
8804321
Trying 11 7
8804322
Trying 11 8
8804323
Trying 11 9
8804324
Trying 11 10
8804325
Trying 11 11
8804326
Trying 11 12
8804327
Trying 11 13
8804328
Trying 11 14
8804329
Trying 11 15
8804330
Trying 11 16
8804331
Trying 11 17
8804332
Trying 11 18
8804333
Trying 11 19
8804334
Trying 11 20
8804335
Trying 11 21
8804336
Trying 11 22
8804337
Trying 11 23
8804338
Trying 11 24
8804339
Trying 11 25
8804340
Trying 11 26
8804341
Trying 11 27
8804342
Trying 11 28
8804343
Trying 11 29
8804344
Trying 11 30
8804345
Trying 11 31
8804346
Trying 11 32
8804347
Trying 11 33
8804348
Trying 11 34
8804349
Trying 11 35
8804350
Trying 11 36
8804351
Trying 11 37
8804352
Trying 11 38
8804353
Trying 11 39
8804354
Trying 11 40
8804355
Trying 11 41
8804356
Trying 11 42
8804357
Trying 11 43
8804358
Trying 11 44
8804359
Trying 11 45
8804360
Trying 11 46
8804361
Trying 11 47
8804362
Trying 11 48
8804363
Trying 11 49
8804364
Trying 11 50
8804365
Trying 11 51
8804366
Trying 11 52
8804367
Trying 11 53
8804368
Trying 11 54
8804369
Trying 11 55
8804370
Trying 11 56
8804371
Trying 11 57
8804372
Trying 11 58
8804373
Trying 11 59
8804374
Trying 11 60
8804375
Trying 11 61
8804376
Trying 11 62
8804377
Trying 11 63
8804378
Trying 11 64
8804379
Trying 11 65
8804380
Trying 11 66
8804381
Trying 11 67
8804382
Trying 11 68
8804383
Trying 11 69
8804384
Trying 11 70
8804385
Trying 11 71
8804386
Trying 11 72
8804387
Trying 11 73
8804388
Trying 11 74
8804389
Trying 11 75
8804390
Trying 11 76
8804391
Trying 11 77
8804392
Trying 11 78
8804393
Trying 11 79
8804394
Trying 11 80
8804395
Trying 11 81
8804396
Trying 11 82
8804397
Trying 11 83
8804398
Trying 11 84
8804399
Trying 11 85
8804400
Trying 11 86
8804401
Trying 11 87
8804402
Trying 11 88
8804403
Trying 11 89
8804404
Trying 11 90
8804405
Trying 11 91
8804406
Trying 11 92
8804407
Trying 11 93
8804408
Trying 11 94
8804409
Trying 11 95
8804410
Trying 11 96
8804411
Trying 11 97
8804412
Trying 11 98
8804413
Trying 12 0
9581915
Trying 12 1
9581916
Trying 12 2
9581917
Trying 12 3
9581918
Trying 12 4
9581919
Trying 12 5
9581920
Trying 12 6
9581921
Trying 12 7
9581922
Trying 12 8
9581923
Trying 12 9
9581924
Trying 12 10
9581925
Trying 12 11
9581926
Trying 12 12
9581927
Trying 12 13
9581928
Trying 12 14
9581929
Trying 12 15
9581930
Trying 12 16
9581931
Trying 12 17
9581932
Trying 12 18
9581933
Trying 12 19
9581934
Trying 12 20
9581935
Trying 12 21
9581936
Trying 12 22
9581937
Trying 12 23
9581938
Trying 12 24
9581939
Trying 12 25
9581940
Trying 12 26
9581941
Trying 12 27
9581942
Trying 12 28
9581943
Trying 12 29
9581944
Trying 12 30
9581945
Trying 12 31
9581946
Trying 12 32
9581947
Trying 12 33
9581948
Trying 12 34
9581949
Trying 12 35
9581950
Trying 12 36
9581951
Trying 12 37
9581952
Trying 12 38
9581953
Trying 12 39
9581954
Trying 12 40
9581955
Trying 12 41
9581956
Trying 12 42
9581957
Trying 12 43
9581958
Trying 12 44
9581959
Trying 12 45
9581960
Trying 12 46
9581961
Trying 12 47
9581962
Trying 12 48
9581963
Trying 12 49
9581964
Trying 12 50
9581965
Trying 12 51
9581966
Trying 12 52
9581967
Trying 12 53
9581968
Trying 12 54
9581969
Trying 12 55
9581970
Trying 12 56
9581971
Trying 12 57
9581972
Trying 12 58
9581973
Trying 12 59
9581974
Trying 12 60
9581975
Trying 12 61
9581976
Trying 12 62
9581977
Trying 12 63
9581978
Trying 12 64
9581979
Trying 12 65
9581980
Trying 12 66
9581981
Trying 12 67
9581982
Trying 12 68
9581983
Trying 12 69
9581984
Trying 12 70
9581985
Trying 12 71
9581986
Trying 12 72
9581987
Trying 12 73
9581988
Trying 12 74
9581989
Trying 12 75
9581990
Trying 12 76
9581991
Trying 12 77
9581992
Trying 12 78
9581993
Trying 12 79
9581994
Trying 12 80
9581995
Trying 12 81
9581996
Trying 12 82
9581997
Trying 12 83
9581998
Trying 12 84
9581999
Trying 12 85
9582000
Trying 12 86
9582001
Trying 12 87
9582002
Trying 12 88
9582003
Trying 12 89
9582004
Trying 12 90
9582005
Trying 12 91
9582006
Trying 12 92
9582007
Trying 12 93
9582008
Trying 12 94
9582009
Trying 12 95
9582010
Trying 12 96
9582011
Trying 12 97
9582012
Trying 12 98
9582013
Trying 13 0
10359515
Trying 13 1
10359516
Trying 13 2
10359517
Trying 13 3
10359518
Trying 13 4
10359519
Trying 13 5
10359520
Trying 13 6
10359521
Trying 13 7
10359522
Trying 13 8
10359523
Trying 13 9
10359524
Trying 13 10
10359525
Trying 13 11
10359526
Trying 13 12
10359527
Trying 13 13
10359528
Trying 13 14
10359529
Trying 13 15
10359530
Trying 13 16
10359531
Trying 13 17
10359532
Trying 13 18
10359533
Trying 13 19
10359534
Trying 13 20
10359535
Trying 13 21
10359536
Trying 13 22
10359537
Trying 13 23
10359538
Trying 13 24
10359539
Trying 13 25
10359540
Trying 13 26
10359541
Trying 13 27
10359542
Trying 13 28
10359543
Trying 13 29
10359544
Trying 13 30
10359545
Trying 13 31
10359546
Trying 13 32
10359547
Trying 13 33
10359548
Trying 13 34
10359549
Trying 13 35
10359550
Trying 13 36
10359551
Trying 13 37
10359552
Trying 13 38
10359553
Trying 13 39
10359554
Trying 13 40
10359555
Trying 13 41
10359556
Trying 13 42
10359557
Trying 13 43
10359558
Trying 13 44
10359559
Trying 13 45
10359560
Trying 13 46
10359561
Trying 13 47
10359562
Trying 13 48
10359563
Trying 13 49
10359564
Trying 13 50
10359565
Trying 13 51
10359566
Trying 13 52
10359567
Trying 13 53
10359568
Trying 13 54
10359569
Trying 13 55
10359570
Trying 13 56
10359571
Trying 13 57
10359572
Trying 13 58
10359573
Trying 13 59
10359574
Trying 13 60
10359575
Trying 13 61
10359576
Trying 13 62
10359577
Trying 13 63
10359578
Trying 13 64
10359579
Trying 13 65
10359580
Trying 13 66
10359581
Trying 13 67
10359582
Trying 13 68
10359583
Trying 13 69
10359584
Trying 13 70
10359585
Trying 13 71
10359586
Trying 13 72
10359587
Trying 13 73
10359588
Trying 13 74
10359589
Trying 13 75
10359590
Trying 13 76
10359591
Trying 13 77
10359592
Trying 13 78
10359593
Trying 13 79
10359594
Trying 13 80
10359595
Trying 13 81
10359596
Trying 13 82
10359597
Trying 13 83
10359598
Trying 13 84
10359599
Trying 13 85
10359600
Trying 13 86
10359601
Trying 13 87
10359602
Trying 13 88
10359603
Trying 13 89
10359604
Trying 13 90
10359605
Trying 13 91
10359606
Trying 13 92
10359607
Trying 13 93
10359608
Trying 13 94
10359609
Trying 13 95
10359610
Trying 13 96
10359611
Trying 13 97
10359612
Trying 13 98
10359613
Trying 14 0
11137115
Trying 14 1
11137116
Trying 14 2
11137117
Trying 14 3
11137118
Trying 14 4
11137119
Trying 14 5
11137120
Trying 14 6
11137121
Trying 14 7
11137122
Trying 14 8
11137123
Trying 14 9
11137124
Trying 14 10
11137125
Trying 14 11
11137126
Trying 14 12
11137127
Trying 14 13
11137128
Trying 14 14
11137129
Trying 14 15
11137130
Trying 14 16
11137131
Trying 14 17
11137132
Trying 14 18
11137133
Trying 14 19
11137134
Trying 14 20
11137135
Trying 14 21
11137136
Trying 14 22
11137137
Trying 14 23
11137138
Trying 14 24
11137139
Trying 14 25
11137140
Trying 14 26
11137141
Trying 14 27
11137142
Trying 14 28
11137143
Trying 14 29
11137144
Trying 14 30
11137145
Trying 14 31
11137146
Trying 14 32
11137147
Trying 14 33
11137148
Trying 14 34
11137149
Trying 14 35
11137150
Trying 14 36
11137151
Trying 14 37
11137152
Trying 14 38
11137153
Trying 14 39
11137154
Trying 14 40
11137155
Trying 14 41
11137156
Trying 14 42
11137157
Trying 14 43
11137158
Trying 14 44
11137159
Trying 14 45
11137160
Trying 14 46
11137161
Trying 14 47
11137162
Trying 14 48
11137163
Trying 14 49
11137164
Trying 14 50
11137165
Trying 14 51
11137166
Trying 14 52
11137167
Trying 14 53
11137168
Trying 14 54
11137169
Trying 14 55
11137170
Trying 14 56
11137171
Trying 14 57
11137172
Trying 14 58
11137173
Trying 14 59
11137174
Trying 14 60
11137175
Trying 14 61
11137176
Trying 14 62
11137177
Trying 14 63
11137178
Trying 14 64
11137179
Trying 14 65
11137180
Trying 14 66
11137181
Trying 14 67
11137182
Trying 14 68
11137183
Trying 14 69
11137184
Trying 14 70
11137185
Trying 14 71
11137186
Trying 14 72
11137187
Trying 14 73
11137188
Trying 14 74
11137189
Trying 14 75
11137190
Trying 14 76
11137191
Trying 14 77
11137192
Trying 14 78
11137193
Trying 14 79
11137194
Trying 14 80
11137195
Trying 14 81
11137196
Trying 14 82
11137197
Trying 14 83
11137198
Trying 14 84
11137199
Trying 14 85
11137200
Trying 14 86
11137201
Trying 14 87
11137202
Trying 14 88
11137203
Trying 14 89
11137204
Trying 14 90
11137205
Trying 14 91
11137206
Trying 14 92
11137207
Trying 14 93
11137208
Trying 14 94
11137209
Trying 14 95
11137210
Trying 14 96
11137211
Trying 14 97
11137212
Trying 14 98
11137213
Trying 15 0
11914715
Trying 15 1
11914716
Trying 15 2
11914717
Trying 15 3
11914718
Trying 15 4
11914719
Trying 15 5
11914720
Trying 15 6
11914721
Trying 15 7
11914722
Trying 15 8
11914723
Trying 15 9
11914724
Trying 15 10
11914725
Trying 15 11
11914726
Trying 15 12
11914727
Trying 15 13
11914728
Trying 15 14
11914729
Trying 15 15
11914730
Trying 15 16
11914731
Trying 15 17
11914732
Trying 15 18
11914733
Trying 15 19
11914734
Trying 15 20
11914735
Trying 15 21
11914736
Trying 15 22
11914737
Trying 15 23
11914738
Trying 15 24
11914739
Trying 15 25
11914740
Trying 15 26
11914741
Trying 15 27
11914742
Trying 15 28
11914743
Trying 15 29
11914744
Trying 15 30
11914745
Trying 15 31
11914746
Trying 15 32
11914747
Trying 15 33
11914748
Trying 15 34
11914749
Trying 15 35
11914750
Trying 15 36
11914751
Trying 15 37
11914752
Trying 15 38
11914753
Trying 15 39
11914754
Trying 15 40
11914755
Trying 15 41
11914756
Trying 15 42
11914757
Trying 15 43
11914758
Trying 15 44
11914759
Trying 15 45
11914760
Trying 15 46
11914761
Trying 15 47
11914762
Trying 15 48
11914763
Trying 15 49
11914764
Trying 15 50
11914765
Trying 15 51
11914766
Trying 15 52
11914767
Trying 15 53
11914768
Trying 15 54
11914769
Trying 15 55
11914770
Trying 15 56
11914771
Trying 15 57
11914772
Trying 15 58
11914773
Trying 15 59
11914774
Trying 15 60
11914775
Trying 15 61
11914776
Trying 15 62
11914777
Trying 15 63
11914778
Trying 15 64
11914779
Trying 15 65
11914780
Trying 15 66
11914781
Trying 15 67
11914782
Trying 15 68
11914783
Trying 15 69
11914784
Trying 15 70
11914785
Trying 15 71
11914786
Trying 15 72
11914787
Trying 15 73
11914788
Trying 15 74
11914789
Trying 15 75
11914790
Trying 15 76
11914791
Trying 15 77
11914792
Trying 15 78
11914793
Trying 15 79
11914794
Trying 15 80
11914795
Trying 15 81
11914796
Trying 15 82
11914797
Trying 15 83
11914798
Trying 15 84
11914799
Trying 15 85
11914800
Trying 15 86
11914801
Trying 15 87
11914802
Trying 15 88
11914803
Trying 15 89
11914804
Trying 15 90
11914805
Trying 15 91
11914806
Trying 15 92
11914807
Trying 15 93
11914808
Trying 15 94
11914809
Trying 15 95
11914810
Trying 15 96
11914811
Trying 15 97
11914812
Trying 15 98
11914813
Trying 16 0
12692315
Trying 16 1
12692316
Trying 16 2
12692317
Trying 16 3
12692318
Trying 16 4
12692319
Trying 16 5
12692320
Trying 16 6
12692321
Trying 16 7
12692322
Trying 16 8
12692323
Trying 16 9
12692324
Trying 16 10
12692325
Trying 16 11
12692326
Trying 16 12
12692327
Trying 16 13
12692328
Trying 16 14
12692329
Trying 16 15
12692330
Trying 16 16
12692331
Trying 16 17
12692332
Trying 16 18
12692333
Trying 16 19
12692334
Trying 16 20
12692335
Trying 16 21
12692336
Trying 16 22
12692337
Trying 16 23
12692338
Trying 16 24
12692339
Trying 16 25
12692340
Trying 16 26
12692341
Trying 16 27
12692342
Trying 16 28
12692343
Trying 16 29
12692344
Trying 16 30
12692345
Trying 16 31
12692346
Trying 16 32
12692347
Trying 16 33
12692348
Trying 16 34
12692349
Trying 16 35
12692350
Trying 16 36
12692351
Trying 16 37
12692352
Trying 16 38
12692353
Trying 16 39
12692354
Trying 16 40
12692355
Trying 16 41
12692356
Trying 16 42
12692357
Trying 16 43
12692358
Trying 16 44
12692359
Trying 16 45
12692360
Trying 16 46
12692361
Trying 16 47
12692362
Trying 16 48
12692363
Trying 16 49
12692364
Trying 16 50
12692365
Trying 16 51
12692366
Trying 16 52
12692367
Trying 16 53
12692368
Trying 16 54
12692369
Trying 16 55
12692370
Trying 16 56
12692371
Trying 16 57
12692372
Trying 16 58
12692373
Trying 16 59
12692374
Trying 16 60
12692375
Trying 16 61
12692376
Trying 16 62
12692377
Trying 16 63
12692378
Trying 16 64
12692379
Trying 16 65
12692380
Trying 16 66
12692381
Trying 16 67
12692382
Trying 16 68
12692383
Trying 16 69
12692384
Trying 16 70
12692385
Trying 16 71
12692386
Trying 16 72
12692387
Trying 16 73
12692388
Trying 16 74
12692389
Trying 16 75
12692390
Trying 16 76
12692391
Trying 16 77
12692392
Trying 16 78
12692393
Trying 16 79
12692394
Trying 16 80
12692395
Trying 16 81
12692396
Trying 16 82
12692397
Trying 16 83
12692398
Trying 16 84
12692399
Trying 16 85
12692400
Trying 16 86
12692401
Trying 16 87
12692402
Trying 16 88
12692403
Trying 16 89
12692404
Trying 16 90
12692405
Trying 16 91
12692406
Trying 16 92
12692407
Trying 16 93
12692408
Trying 16 94
12692409
Trying 16 95
12692410
Trying 16 96
12692411
Trying 16 97
12692412
Trying 16 98
12692413
Trying 17 0
13469915
Trying 17 1
13469916
Trying 17 2
13469917
Trying 17 3
13469918
Trying 17 4
13469919
Trying 17 5
13469920
Trying 17 6
13469921
Trying 17 7
13469922
Trying 17 8
13469923
Trying 17 9
13469924
Trying 17 10
13469925
Trying 17 11
13469926
Trying 17 12
13469927
Trying 17 13
13469928
Trying 17 14
13469929
Trying 17 15
13469930
Trying 17 16
13469931
Trying 17 17
13469932
Trying 17 18
13469933
Trying 17 19
13469934
Trying 17 20
13469935
Trying 17 21
13469936
Trying 17 22
13469937
Trying 17 23
13469938
Trying 17 24
13469939
Trying 17 25
13469940
Trying 17 26
13469941
Trying 17 27
13469942
Trying 17 28
13469943
Trying 17 29
13469944
Trying 17 30
13469945
Trying 17 31
13469946
Trying 17 32
13469947
Trying 17 33
13469948
Trying 17 34
13469949
Trying 17 35
13469950
Trying 17 36
13469951
Trying 17 37
13469952
Trying 17 38
13469953
Trying 17 39
13469954
Trying 17 40
13469955
Trying 17 41
13469956
Trying 17 42
13469957
Trying 17 43
13469958
Trying 17 44
13469959
Trying 17 45
13469960
Trying 17 46
13469961
Trying 17 47
13469962
Trying 17 48
13469963
Trying 17 49
13469964
Trying 17 50
13469965
Trying 17 51
13469966
Trying 17 52
13469967
Trying 17 53
13469968
Trying 17 54
13469969
Trying 17 55
13469970
Trying 17 56
13469971
Trying 17 57
13469972
Trying 17 58
13469973
Trying 17 59
13469974
Trying 17 60
13469975
Trying 17 61
13469976
Trying 17 62
13469977
Trying 17 63
13469978
Trying 17 64
13469979
Trying 17 65
13469980
Trying 17 66
13469981
Trying 17 67
13469982
Trying 17 68
13469983
Trying 17 69
13469984
Trying 17 70
13469985
Trying 17 71
13469986
Trying 17 72
13469987
Trying 17 73
13469988
Trying 17 74
13469989
Trying 17 75
13469990
Trying 17 76
13469991
Trying 17 77
13469992
Trying 17 78
13469993
Trying 17 79
13469994
Trying 17 80
13469995
Trying 17 81
13469996
Trying 17 82
13469997
Trying 17 83
13469998
Trying 17 84
13469999
Trying 17 85
13470000
Trying 17 86
13470001
Trying 17 87
13470002
Trying 17 88
13470003
Trying 17 89
13470004
Trying 17 90
13470005
Trying 17 91
13470006
Trying 17 92
13470007
Trying 17 93
13470008
Trying 17 94
13470009
Trying 17 95
13470010
Trying 17 96
13470011
Trying 17 97
13470012
Trying 17 98
13470013
Trying 18 0
14247515
Trying 18 1
14247516
Trying 18 2
14247517
Trying 18 3
14247518
Trying 18 4
14247519
Trying 18 5
14247520
Trying 18 6
14247521
Trying 18 7
14247522
Trying 18 8
14247523
Trying 18 9
14247524
Trying 18 10
14247525
Trying 18 11
14247526
Trying 18 12
14247527
Trying 18 13
14247528
Trying 18 14
14247529
Trying 18 15
14247530
Trying 18 16
14247531
Trying 18 17
14247532
Trying 18 18
14247533
Trying 18 19
14247534
Trying 18 20
14247535
Trying 18 21
14247536
Trying 18 22
14247537
Trying 18 23
14247538
Trying 18 24
14247539
Trying 18 25
14247540
Trying 18 26
14247541
Trying 18 27
14247542
Trying 18 28
14247543
Trying 18 29
14247544
Trying 18 30
14247545
Trying 18 31
14247546
Trying 18 32
14247547
Trying 18 33
14247548
Trying 18 34
14247549
Trying 18 35
14247550
Trying 18 36
14247551
Trying 18 37
14247552
Trying 18 38
14247553
Trying 18 39
14247554
Trying 18 40
14247555
Trying 18 41
14247556
Trying 18 42
14247557
Trying 18 43
14247558
Trying 18 44
14247559
Trying 18 45
14247560
Trying 18 46
14247561
Trying 18 47
14247562
Trying 18 48
14247563
Trying 18 49
14247564
Trying 18 50
14247565
Trying 18 51
14247566
Trying 18 52
14247567
Trying 18 53
14247568
Trying 18 54
14247569
Trying 18 55
14247570
Trying 18 56
14247571
Trying 18 57
14247572
Trying 18 58
14247573
Trying 18 59
14247574
Trying 18 60
14247575
Trying 18 61
14247576
Trying 18 62
14247577
Trying 18 63
14247578
Trying 18 64
14247579
Trying 18 65
14247580
Trying 18 66
14247581
Trying 18 67
14247582
Trying 18 68
14247583
Trying 18 69
14247584
Trying 18 70
14247585
Trying 18 71
14247586
Trying 18 72
14247587
Trying 18 73
14247588
Trying 18 74
14247589
Trying 18 75
14247590
Trying 18 76
14247591
Trying 18 77
14247592
Trying 18 78
14247593
Trying 18 79
14247594
Trying 18 80
14247595
Trying 18 81
14247596
Trying 18 82
14247597
Trying 18 83
14247598
Trying 18 84
14247599
Trying 18 85
14247600
Trying 18 86
14247601
Trying 18 87
14247602
Trying 18 88
14247603
Trying 18 89
14247604
Trying 18 90
14247605
Trying 18 91
14247606
Trying 18 92
14247607
Trying 18 93
14247608
Trying 18 94
14247609
Trying 18 95
14247610
Trying 18 96
14247611
Trying 18 97
14247612
Trying 18 98
14247613
Trying 19 0
15025115
Trying 19 1
15025116
Trying 19 2
15025117
Trying 19 3
15025118
Trying 19 4
15025119
Trying 19 5
15025120
Trying 19 6
15025121
Trying 19 7
15025122
Trying 19 8
15025123
Trying 19 9
15025124
Trying 19 10
15025125
Trying 19 11
15025126
Trying 19 12
15025127
Trying 19 13
15025128
Trying 19 14
15025129
Trying 19 15
15025130
Trying 19 16
15025131
Trying 19 17
15025132
Trying 19 18
15025133
Trying 19 19
15025134
Trying 19 20
15025135
Trying 19 21
15025136
Trying 19 22
15025137
Trying 19 23
15025138
Trying 19 24
15025139
Trying 19 25
15025140
Trying 19 26
15025141
Trying 19 27
15025142
Trying 19 28
15025143
Trying 19 29
15025144
Trying 19 30
15025145
Trying 19 31
15025146
Trying 19 32
15025147
Trying 19 33
15025148
Trying 19 34
15025149
Trying 19 35
15025150
Trying 19 36
15025151
Trying 19 37
15025152
Trying 19 38
15025153
Trying 19 39
15025154
Trying 19 40
15025155
Trying 19 41
15025156
Trying 19 42
15025157
Trying 19 43
15025158
Trying 19 44
15025159
Trying 19 45
15025160
Trying 19 46
15025161
Trying 19 47
15025162
Trying 19 48
15025163
Trying 19 49
15025164
Trying 19 50
15025165
Trying 19 51
15025166
Trying 19 52
15025167
Trying 19 53
15025168
Trying 19 54
15025169
Trying 19 55
15025170
Trying 19 56
15025171
Trying 19 57
15025172
Trying 19 58
15025173
Trying 19 59
15025174
Trying 19 60
15025175
Trying 19 61
15025176
Trying 19 62
15025177
Trying 19 63
15025178
Trying 19 64
15025179
Trying 19 65
15025180
Trying 19 66
15025181
Trying 19 67
15025182
Trying 19 68
15025183
Trying 19 69
15025184
Trying 19 70
15025185
Trying 19 71
15025186
Trying 19 72
15025187
Trying 19 73
15025188
Trying 19 74
15025189
Trying 19 75
15025190
Trying 19 76
15025191
Trying 19 77
15025192
Trying 19 78
15025193
Trying 19 79
15025194
Trying 19 80
15025195
Trying 19 81
15025196
Trying 19 82
15025197
Trying 19 83
15025198
Trying 19 84
15025199
Trying 19 85
15025200
Trying 19 86
15025201
Trying 19 87
15025202
Trying 19 88
15025203
Trying 19 89
15025204
Trying 19 90
15025205
Trying 19 91
15025206
Trying 19 92
15025207
Trying 19 93
15025208
Trying 19 94
15025209
Trying 19 95
15025210
Trying 19 96
15025211
Trying 19 97
15025212
Trying 19 98
15025213
Trying 20 0
15802715
Trying 20 1
15802716
Trying 20 2
15802717
Trying 20 3
15802718
Trying 20 4
15802719
Trying 20 5
15802720
Trying 20 6
15802721
Trying 20 7
15802722
Trying 20 8
15802723
Trying 20 9
15802724
Trying 20 10
15802725
Trying 20 11
15802726
Trying 20 12
15802727
Trying 20 13
15802728
Trying 20 14
15802729
Trying 20 15
15802730
Trying 20 16
15802731
Trying 20 17
15802732
Trying 20 18
15802733
Trying 20 19
15802734
Trying 20 20
15802735
Trying 20 21
15802736
Trying 20 22
15802737
Trying 20 23
15802738
Trying 20 24
15802739
Trying 20 25
15802740
Trying 20 26
15802741
Trying 20 27
15802742
Trying 20 28
15802743
Trying 20 29
15802744
Trying 20 30
15802745
Trying 20 31
15802746
Trying 20 32
15802747
Trying 20 33
15802748
Trying 20 34
15802749
Trying 20 35
15802750
Trying 20 36
15802751
Trying 20 37
15802752
Trying 20 38
15802753
Trying 20 39
15802754
Trying 20 40
15802755
Trying 20 41
15802756
Trying 20 42
15802757
Trying 20 43
15802758
Trying 20 44
15802759
Trying 20 45
15802760
Trying 20 46
15802761
Trying 20 47
15802762
Trying 20 48
15802763
Trying 20 49
15802764
Trying 20 50
15802765
Trying 20 51
15802766
Trying 20 52
15802767
Trying 20 53
15802768
Trying 20 54
15802769
Trying 20 55
15802770
Trying 20 56
15802771
Trying 20 57
15802772
Trying 20 58
15802773
Trying 20 59
15802774
Trying 20 60
15802775
Trying 20 61
15802776
Trying 20 62
15802777
Trying 20 63
15802778
Trying 20 64
15802779
Trying 20 65
15802780
Trying 20 66
15802781
Trying 20 67
15802782
Trying 20 68
15802783
Trying 20 69
15802784
Trying 20 70
15802785
Trying 20 71
15802786
Trying 20 72
15802787
Trying 20 73
15802788
Trying 20 74
15802789
Trying 20 75
15802790
Trying 20 76
15802791
Trying 20 77
15802792
Trying 20 78
15802793
Trying 20 79
15802794
Trying 20 80
15802795
Trying 20 81
15802796
Trying 20 82
15802797
Trying 20 83
15802798
Trying 20 84
15802799
Trying 20 85
15802800
Trying 20 86
15802801
Trying 20 87
15802802
Trying 20 88
15802803
Trying 20 89
15802804
Trying 20 90
15802805
Trying 20 91
15802806
Trying 20 92
15802807
Trying 20 93
15802808
Trying 20 94
15802809
Trying 20 95
15802810
Trying 20 96
15802811
Trying 20 97
15802812
Trying 20 98
15802813
Trying 21 0
16580315
Trying 21 1
16580316
Trying 21 2
16580317
Trying 21 3
16580318
Trying 21 4
16580319
Trying 21 5
16580320
Trying 21 6
16580321
Trying 21 7
16580322
Trying 21 8
16580323
Trying 21 9
16580324
Trying 21 10
16580325
Trying 21 11
16580326
Trying 21 12
16580327
Trying 21 13
16580328
Trying 21 14
16580329
Trying 21 15
16580330
Trying 21 16
16580331
Trying 21 17
16580332
Trying 21 18
16580333
Trying 21 19
16580334
Trying 21 20
16580335
Trying 21 21
16580336
Trying 21 22
16580337
Trying 21 23
16580338
Trying 21 24
16580339
Trying 21 25
16580340
Trying 21 26
16580341
Trying 21 27
16580342
Trying 21 28
16580343
Trying 21 29
16580344
Trying 21 30
16580345
Trying 21 31
16580346
Trying 21 32
16580347
Trying 21 33
16580348
Trying 21 34
16580349
Trying 21 35
16580350
Trying 21 36
16580351
Trying 21 37
16580352
Trying 21 38
16580353
Trying 21 39
16580354
Trying 21 40
16580355
Trying 21 41
16580356
Trying 21 42
16580357
Trying 21 43
16580358
Trying 21 44
16580359
Trying 21 45
16580360
Trying 21 46
16580361
Trying 21 47
16580362
Trying 21 48
16580363
Trying 21 49
16580364
Trying 21 50
16580365
Trying 21 51
16580366
Trying 21 52
16580367
Trying 21 53
16580368
Trying 21 54
16580369
Trying 21 55
16580370
Trying 21 56
16580371
Trying 21 57
16580372
Trying 21 58
16580373
Trying 21 59
16580374
Trying 21 60
16580375
Trying 21 61
16580376
Trying 21 62
16580377
Trying 21 63
16580378
Trying 21 64
16580379
Trying 21 65
16580380
Trying 21 66
16580381
Trying 21 67
16580382
Trying 21 68
16580383
Trying 21 69
16580384
Trying 21 70
16580385
Trying 21 71
16580386
Trying 21 72
16580387
Trying 21 73
16580388
Trying 21 74
16580389
Trying 21 75
16580390
Trying 21 76
16580391
Trying 21 77
16580392
Trying 21 78
16580393
Trying 21 79
16580394
Trying 21 80
16580395
Trying 21 81
16580396
Trying 21 82
16580397
Trying 21 83
16580398
Trying 21 84
16580399
Trying 21 85
16580400
Trying 21 86
16580401
Trying 21 87
16580402
Trying 21 88
16580403
Trying 21 89
16580404
Trying 21 90
16580405
Trying 21 91
16580406
Trying 21 92
16580407
Trying 21 93
16580408
Trying 21 94
16580409
Trying 21 95
16580410
Trying 21 96
16580411
Trying 21 97
16580412
Trying 21 98
16580413
Trying 22 0
17357915
Trying 22 1
17357916
Trying 22 2
17357917
Trying 22 3
17357918
Trying 22 4
17357919
Trying 22 5
17357920
Trying 22 6
17357921
Trying 22 7
17357922
Trying 22 8
17357923
Trying 22 9
17357924
Trying 22 10
17357925
Trying 22 11
17357926
Trying 22 12
17357927
Trying 22 13
17357928
Trying 22 14
17357929
Trying 22 15
17357930
Trying 22 16
17357931
Trying 22 17
17357932
Trying 22 18
17357933
Trying 22 19
17357934
Trying 22 20
17357935
Trying 22 21
17357936
Trying 22 22
17357937
Trying 22 23
17357938
Trying 22 24
17357939
Trying 22 25
17357940
Trying 22 26
17357941
Trying 22 27
17357942
Trying 22 28
17357943
Trying 22 29
17357944
Trying 22 30
17357945
Trying 22 31
17357946
Trying 22 32
17357947
Trying 22 33
17357948
Trying 22 34
17357949
Trying 22 35
17357950
Trying 22 36
17357951
Trying 22 37
17357952
Trying 22 38
17357953
Trying 22 39
17357954
Trying 22 40
17357955
Trying 22 41
17357956
Trying 22 42
17357957
Trying 22 43
17357958
Trying 22 44
17357959
Trying 22 45
17357960
Trying 22 46
17357961
Trying 22 47
17357962
Trying 22 48
17357963
Trying 22 49
17357964
Trying 22 50
17357965
Trying 22 51
17357966
Trying 22 52
17357967
Trying 22 53
17357968
Trying 22 54
17357969
Trying 22 55
17357970
Trying 22 56
17357971
Trying 22 57
17357972
Trying 22 58
17357973
Trying 22 59
17357974
Trying 22 60
17357975
Trying 22 61
17357976
Trying 22 62
17357977
Trying 22 63
17357978
Trying 22 64
17357979
Trying 22 65
17357980
Trying 22 66
17357981
Trying 22 67
17357982
Trying 22 68
17357983
Trying 22 69
17357984
Trying 22 70
17357985
Trying 22 71
17357986
Trying 22 72
17357987
Trying 22 73
17357988
Trying 22 74
17357989
Trying 22 75
17357990
Trying 22 76
17357991
Trying 22 77
17357992
Trying 22 78
17357993
Trying 22 79
17357994
Trying 22 80
17357995
Trying 22 81
17357996
Trying 22 82
17357997
Trying 22 83
17357998
Trying 22 84
17357999
Trying 22 85
17358000
Trying 22 86
17358001
Trying 22 87
17358002
Trying 22 88
17358003
Trying 22 89
17358004
Trying 22 90
17358005
Trying 22 91
17358006
Trying 22 92
17358007
Trying 22 93
17358008
Trying 22 94
17358009
Trying 22 95
17358010
Trying 22 96
17358011
Trying 22 97
17358012
Trying 22 98
17358013
Trying 23 0
18135515
Trying 23 1
18135516
Trying 23 2
18135517
Trying 23 3
18135518
Trying 23 4
18135519
Trying 23 5
18135520
Trying 23 6
18135521
Trying 23 7
18135522
Trying 23 8
18135523
Trying 23 9
18135524
Trying 23 10
18135525
Trying 23 11
18135526
Trying 23 12
18135527
Trying 23 13
18135528
Trying 23 14
18135529
Trying 23 15
18135530
Trying 23 16
18135531
Trying 23 17
18135532
Trying 23 18
18135533
Trying 23 19
18135534
Trying 23 20
18135535
Trying 23 21
18135536
Trying 23 22
18135537
Trying 23 23
18135538
Trying 23 24
18135539
Trying 23 25
18135540
Trying 23 26
18135541
Trying 23 27
18135542
Trying 23 28
18135543
Trying 23 29
18135544
Trying 23 30
18135545
Trying 23 31
18135546
Trying 23 32
18135547
Trying 23 33
18135548
Trying 23 34
18135549
Trying 23 35
18135550
Trying 23 36
18135551
Trying 23 37
18135552
Trying 23 38
18135553
Trying 23 39
18135554
Trying 23 40
18135555
Trying 23 41
18135556
Trying 23 42
18135557
Trying 23 43
18135558
Trying 23 44
18135559
Trying 23 45
18135560
Trying 23 46
18135561
Trying 23 47
18135562
Trying 23 48
18135563
Trying 23 49
18135564
Trying 23 50
18135565
Trying 23 51
18135566
Trying 23 52
18135567
Trying 23 53
18135568
Trying 23 54
18135569
Trying 23 55
18135570
Trying 23 56
18135571
Trying 23 57
18135572
Trying 23 58
18135573
Trying 23 59
18135574
Trying 23 60
18135575
Trying 23 61
18135576
Trying 23 62
18135577
Trying 23 63
18135578
Trying 23 64
18135579
Trying 23 65
18135580
Trying 23 66
18135581
Trying 23 67
18135582
Trying 23 68
18135583
Trying 23 69
18135584
Trying 23 70
18135585
Trying 23 71
18135586
Trying 23 72
18135587
Trying 23 73
18135588
Trying 23 74
18135589
Trying 23 75
18135590
Trying 23 76
18135591
Trying 23 77
18135592
Trying 23 78
18135593
Trying 23 79
18135594
Trying 23 80
18135595
Trying 23 81
18135596
Trying 23 82
18135597
Trying 23 83
18135598
Trying 23 84
18135599
Trying 23 85
18135600
Trying 23 86
18135601
Trying 23 87
18135602
Trying 23 88
18135603
Trying 23 89
18135604
Trying 23 90
18135605
Trying 23 91
18135606
Trying 23 92
18135607
Trying 23 93
18135608
Trying 23 94
18135609
Trying 23 95
18135610
Trying 23 96
18135611
Trying 23 97
18135612
Trying 23 98
18135613
Trying 24 0
18913115
Trying 24 1
18913116
Trying 24 2
18913117
Trying 24 3
18913118
Trying 24 4
18913119
Trying 24 5
18913120
Trying 24 6
18913121
Trying 24 7
18913122
Trying 24 8
18913123
Trying 24 9
18913124
Trying 24 10
18913125
Trying 24 11
18913126
Trying 24 12
18913127
Trying 24 13
18913128
Trying 24 14
18913129
Trying 24 15
18913130
Trying 24 16
18913131
Trying 24 17
18913132
Trying 24 18
18913133
Trying 24 19
18913134
Trying 24 20
18913135
Trying 24 21
18913136
Trying 24 22
18913137
Trying 24 23
18913138
Trying 24 24
18913139
Trying 24 25
18913140
Trying 24 26
18913141
Trying 24 27
18913142
Trying 24 28
18913143
Trying 24 29
18913144
Trying 24 30
18913145
Trying 24 31
18913146
Trying 24 32
18913147
Trying 24 33
18913148
Trying 24 34
18913149
Trying 24 35
18913150
Trying 24 36
18913151
Trying 24 37
18913152
Trying 24 38
18913153
Trying 24 39
18913154
Trying 24 40
18913155
Trying 24 41
18913156
Trying 24 42
18913157
Trying 24 43
18913158
Trying 24 44
18913159
Trying 24 45
18913160
Trying 24 46
18913161
Trying 24 47
18913162
Trying 24 48
18913163
Trying 24 49
18913164
Trying 24 50
18913165
Trying 24 51
18913166
Trying 24 52
18913167
Trying 24 53
18913168
Trying 24 54
18913169
Trying 24 55
18913170
Trying 24 56
18913171
Trying 24 57
18913172
Trying 24 58
18913173
Trying 24 59
18913174
Trying 24 60
18913175
Trying 24 61
18913176
Trying 24 62
18913177
Trying 24 63
18913178
Trying 24 64
18913179
Trying 24 65
18913180
Trying 24 66
18913181
Trying 24 67
18913182
Trying 24 68
18913183
Trying 24 69
18913184
Trying 24 70
18913185
Trying 24 71
18913186
Trying 24 72
18913187
Trying 24 73
18913188
Trying 24 74
18913189
Trying 24 75
18913190
Trying 24 76
18913191
Trying 24 77
18913192
Trying 24 78
18913193
Trying 24 79
18913194
Trying 24 80
18913195
Trying 24 81
18913196
Trying 24 82
18913197
Trying 24 83
18913198
Trying 24 84
18913199
Trying 24 85
18913200
Trying 24 86
18913201
Trying 24 87
18913202
Trying 24 88
18913203
Trying 24 89
18913204
Trying 24 90
18913205
Trying 24 91
18913206
Trying 24 92
18913207
Trying 24 93
18913208
Trying 24 94
18913209
Trying 24 95
18913210
Trying 24 96
18913211
Trying 24 97
18913212
Trying 24 98
18913213
Trying 25 0
19690715
Trying 25 1
19690716
Trying 25 2
19690717
Trying 25 3
19690718
Trying 25 4
19690719
Trying 25 5
19690720
Found the solution. Noun: 25, Verb: 5
[19690720, 25, 5, 2, 1, 1, 2, 3, 1, 3, 4, 3, 1, 5, 0, 3, 2, 1, 10, 100, 2, 9, 19, 300, 1, 9, 23, 303, 2, 27, 9, 909, 1, 31, 5, 910, 2, 35, 9, 2730, 1, 39, 10, 2734, 2, 43, 13, 13670, 1, 47, 6, 13672, 2, 51, 10, 54688, 1, 9, 55, 54691, 2, 6, 59, 109382, 1, 63, 6, 109384, 1, 67, 10, 109388, 1, 71, 10, 109392, 2, 9, 75, 328176, 1, 5, 79, 328177, 2, 9, 83, 984531, 1, 87, 9, 984534, 2, 91, 13, 4922670, 1, 95, 9, 4922673, 1, 99, 6, 4922675, 2, 103, 6, 9845350, 1, 107, 5, 9845351, 1, 13, 111, 9845356, 2, 115, 6, 19690712, 1, 119, 5, 19690713, 1, 2, 123, 19690718, 1, 6, 127, 0, 99, 2, 14, 0, 0]
